time="2021-04-29T08:23:03.262261" level=error msg="error loading tenant user from configuration: user must have non empty value"
time="2021-04-29T08:23:34.407322" level=info msg="Loading script from: C:\\Users\\demo\\Documents\\VuGen\\Scripts\\devweb_aos ..."
time="2021-04-29T08:23:34.646487" level=info msg="Creating a new script"
time="2021-04-29T08:23:37.528771" level=info msg="Checking existing load tests"
time="2021-04-29T08:23:37.797489" level=info msg="No load test found, creating a new test Autogenerated_devweb_aos"
time="2021-04-29T08:23:39.656253" level=info msg="Disabling SLA for transactions"
time="2021-04-29T08:23:41.687978" level=info msg="Test 'Autogenerated_devweb_aos' Id #1061"
time="2021-04-29T08:23:43.791981" level=info msg="Test Run Id #2179"
time="2021-04-29T08:23:43.791981" level=info msg="Load test in progress ..."
time="2021-04-29T08:23:55.114049" level=info msg="Wait time elapsed, continue waiting by providing the run id - 2179"
time="2021-04-29T08:30:34.418881" level=info msg="Loading script from: C:\\Users\\demo\\Documents\\VuGen\\Scripts\\devweb_aos ..."
time="2021-04-29T08:30:34.679465" level=info msg="Updating existing script files"
time="2021-04-29T08:30:37.643036" level=info msg="Checking existing load tests"
time="2021-04-29T08:30:37.870064" level=info msg="Found load test Autogenerated_devweb_aos"
time="2021-04-29T08:30:40.039585" level=info msg="Disabling SLA for transactions"
time="2021-04-29T08:30:41.726915" level=info msg="Test 'Autogenerated_devweb_aos' Id #1061"
time="2021-04-29T08:30:43.40208" level=info msg="Test Run Id #2180"
time="2021-04-29T08:30:43.40208" level=info msg="Load test in progress ..."
time="2021-04-29T08:30:54.705455" level=info msg="Wait time elapsed, continue waiting by providing the run id - 2180"
time="2021-10-18T13:40:47.349939" level=error msg="error loading tenant user from configuration: user must have non empty value"
time="2021-10-18T13:43:43.809902" level=info msg="Logging in"
time="2021-10-18T13:43:44.739119" level=info msg="Loading script from: C:\\Users\\demo\\Documents\\VuGen\\Scripts\\devweb_aos ..."
time="2021-10-18T13:43:44.992994" level=info msg="Creating a new script"
time="2021-10-18T13:43:47.78121" level=info msg="Retrieving existing load tests"
time="2021-10-18T13:43:47.983701" level=info msg="No load test found, creating a new test Autogenerated_devweb_aos"
time="2021-10-18T13:43:49.922185" level=info msg="Disabling SLA for transactions"
time="2021-10-18T13:43:51.88512" level=info msg="Test 'Autogenerated_devweb_aos 1' Id #1096"
time="2021-10-18T13:43:52.43358" level=error msg="received status 500 with a message: NOT_ENOUGH_LICENSES_TO_RUN_TEST"
time="2021-10-18T13:44:43.449753" level=info msg="Logging in"
time="2021-10-18T13:44:44.394866" level=info msg="Loading script from: C:\\Users\\demo\\Documents\\VuGen\\Scripts\\devweb_aos ..."
time="2021-10-18T13:44:44.643201" level=info msg="Updating existing script files"
time="2021-10-18T13:44:48.56218" level=info msg="Retrieving existing load tests"
time="2021-10-18T13:44:48.767832" level=info msg="No load test found, creating a new test Autogenerated_devweb_aos"
time="2021-10-18T13:44:50.599543" level=info msg="Disabling SLA for transactions"
time="2021-10-18T13:44:52.247899" level=info msg="Test 'Autogenerated_devweb_aos 2' Id #1097"
time="2021-10-18T13:44:55.711678" level=info msg="Test Run ID #2277"
time="2021-10-18T13:44:55.711678" level=info msg="Load test in progress ..."
time="2021-10-18T13:44:55.711678" level=info msg="Checking test status"
time="2021-10-18T13:45:07.011429" level=info msg="The load test is in progress. Return later to get the test run results (use command `getResults` or the `Get test run results` task in VS Code, together with the run ID 2277).\nIf email notification is configured, the results will be emailed when the test is complete."
time="2021-10-18T13:55:34.347312" level=info msg="Logging in"
time="2021-10-18T13:55:35.282777" level=info msg="Loading script from: C:\\Users\\demo\\Documents\\VuGen\\Scripts\\devweb_aos ..."
time="2021-10-18T13:55:35.535412" level=info msg="Updating existing script files"
time="2021-10-18T13:55:38.5419" level=info msg="Retrieving existing load tests"
time="2021-10-18T13:55:38.764785" level=info msg="No load test found, creating a new test Autogenerated_devweb_aos"
time="2021-10-18T13:55:40.554111" level=info msg="Disabling SLA for transactions"
time="2021-10-18T13:55:42.221001" level=info msg="Test 'Autogenerated_devweb_aos 3' Id #1098"
time="2021-10-18T13:55:44.024336" level=info msg="Test Run ID #2279"
time="2021-10-18T13:55:44.024484" level=info msg="Load test in progress ..."
time="2021-10-18T13:55:44.024484" level=info msg="Checking test status"
time="2021-10-18T13:55:55.331086" level=info msg="The load test is in progress. Return later to get the test run results (use command `getResults` or the `Get test run results` task in VS Code, together with the run ID 2279).\nIf email notification is configured, the results will be emailed when the test is complete."
time="2021-10-18T13:57:04.77219" level=info msg="Logging in"
time="2021-10-18T13:57:05.672616" level=info msg="Loading script from: C:\\Users\\demo\\Documents\\VuGen\\Scripts\\devweb_aos ..."
time="2021-10-18T13:57:05.910806" level=info msg="Updating existing script files"
time="2021-10-18T13:57:08.86044" level=info msg="Retrieving existing load tests"
time="2021-10-18T13:57:09.089177" level=info msg="Found load test Autogenerated_devweb_aos"
time="2021-10-18T13:57:10.817248" level=info msg="Disabling SLA for transactions"
time="2021-10-18T13:57:12.527486" level=info msg="Test 'Autogenerated_devweb_aos' Id #1061"
time="2021-10-18T13:57:14.759405" level=info msg="Test Run ID #2280"
time="2021-10-18T13:57:14.759405" level=info msg="Load test in progress ..."
time="2021-10-18T13:57:14.759931" level=info msg="Checking test status"
time="2021-10-18T13:57:26.266834" level=info msg="The load test is in progress. Return later to get the test run results (use command `getResults` or the `Get test run results` task in VS Code, together with the run ID 2280).\nIf email notification is configured, the results will be emailed when the test is complete."
time="2021-10-18T14:02:32.958473" level=info msg="Logging in"
time="2021-10-18T14:02:33.897763" level=info msg="Loading script from: C:\\Users\\demo\\Documents\\VuGen\\Scripts\\devweb_aos ..."
time="2021-10-18T14:02:34.147032" level=info msg="Updating existing script files"
time="2021-10-18T14:02:37.235491" level=info msg="Retrieving existing load tests"
time="2021-10-18T14:02:37.467165" level=info msg="Found load test Autogenerated_devweb_aos"
time="2021-10-18T14:02:39.012804" level=info msg="Disabling SLA for transactions"
time="2021-10-18T14:02:40.666505" level=info msg="Test 'Autogenerated_devweb_aos' Id #1061"
time="2021-10-18T14:02:42.101431" level=info msg="Test Run ID #2281"
time="2021-10-18T14:02:42.101431" level=info msg="Load test in progress ..."
time="2021-10-18T14:02:42.101431" level=info msg="Checking test status"
time="2021-10-18T14:02:53.459457" level=info msg="The load test is in progress. Return later to get the test run results (use command `getResults` or the `Get test run results` task in VS Code, together with the run ID 2281).\nIf email notification is configured, the results will be emailed when the test is complete."
time="2021-10-19T15:58:24.68737" level=info msg="Logging in"
time="2021-10-19T15:58:25.654705" level=info msg="Loading script from: C:\\Users\\demo\\Documents\\VuGen\\Scripts\\devweb_aos ..."
time="2021-10-19T15:58:25.961176" level=info msg="Updating existing script files"
time="2021-10-19T15:58:29.155753" level=info msg="Retrieving existing load tests"
time="2021-10-19T15:58:29.399881" level=info msg="Found load test Autogenerated_devweb_aos"
time="2021-10-19T15:58:31.205774" level=info msg="Disabling SLA for transactions"
time="2021-10-19T15:58:33.006756" level=info msg="Test 'Autogenerated_devweb_aos' Id #1061"
time="2021-10-19T15:58:36.059688" level=info msg="Test Run ID #2282"
time="2021-10-19T15:58:36.059688" level=info msg="Load test in progress ..."
time="2021-10-19T15:58:36.060221" level=info msg="Checking test status"
time="2021-10-19T15:58:47.41869" level=info msg="The load test is in progress. Return later to get the test run results (use command `getResults` or the `Get test run results` task in VS Code, together with the run ID 2282).\nIf email notification is configured, the results will be emailed when the test is complete."
