[11:22:42.88] Info: Transaction '01_Home' started.
[11:22:42.88] Info: WebRequest [Id: 1] 'http://www.advantageonlineshopping.com/' registered to send (sync).
[11:22:45.67] Info: WebRequest [Id: 1] 'http://www.advantageonlineshopping.com/' completed. (77 request(s) sent, 4906700 bytes downloaded)
[11:22:45.67] Info: Transaction '01_Home' ended with a 'Passed' status (Duration: 2797, ThinkTime: 0).
[11:22:48.68] Info: Transaction '02_Laptops' started.
[11:22:48.68] Info: WebRequest [Id: 2] 'http://www.advantageonlineshopping.com/accountservice/GetAccountConfigurationRequest' registered to send (sync).
[11:22:48.77] Info: WebRequest [Id: 2] 'http://www.advantageonlineshopping.com/accountservice/GetAccountConfigurationRequest' completed. (1 request(s) sent, 1378 bytes downloaded)
[11:22:48.77] Info: Transaction '02_Laptops' ended with a 'Passed' status (Duration: 95, ThinkTime: 0).
[11:22:51.77] Info: Transaction '03_Headphones' started.
[11:22:51.77] Info: WebRequest [Id: 3] 'http://www.advantageonlineshopping.com/accountservice/GetAccountConfigurationRequest' registered to send (sync).
[11:22:51.86] Info: WebRequest [Id: 3] 'http://www.advantageonlineshopping.com/accountservice/GetAccountConfigurationRequest' completed. (1 request(s) sent, 1378 bytes downloaded)
[11:22:51.86] Info: Transaction '03_Headphones' ended with a 'Passed' status (Duration: 90, ThinkTime: 0).
[11:22:54.86] Info: Transaction '04_Tablets' started.
[11:22:54.87] Info: WebRequest [Id: 4] 'http://www.advantageonlineshopping.com/app/tempFiles/popularProducts.json' registered to send (sync).
[11:22:54.95] Info: WebRequest [Id: 4] 'http://www.advantageonlineshopping.com/app/tempFiles/popularProducts.json' completed. (1 request(s) sent, 871 bytes downloaded)
[11:22:54.95] Info: Transaction '04_Tablets' ended with a 'Passed' status (Duration: 83, ThinkTime: 0).
[11:22:57.95] Info: Transaction '05_Speakers' started.
[11:22:57.95] Info: WebRequest [Id: 5] 'http://www.advantageonlineshopping.com/app/views/home-page.html' registered to send (sync).
[11:22:58.03] Info: WebRequest [Id: 5] 'http://www.advantageonlineshopping.com/app/views/home-page.html' completed. (1 request(s) sent, 2529 bytes downloaded)
[11:22:58.03] Info: Transaction '05_Speakers' ended with a 'Passed' status (Duration: 84, ThinkTime: 0).
[11:23:01.03] Info: Transaction '06_Mice' started.
[11:23:01.04] Info: WebRequest [Id: 6] 'http://www.advantageonlineshopping.com/app/views/category-page.html' registered to send (sync).
[11:23:01.12] Info: WebRequest [Id: 6] 'http://www.advantageonlineshopping.com/app/views/category-page.html' completed. (1 request(s) sent, 2226 bytes downloaded)
[11:23:01.12] Info: Transaction '06_Mice' ended with a 'Passed' status (Duration: 84, ThinkTime: 0).
[11:23:01.12] Info: Cleaning up all cookies.
[11:23:06.12] Info: Transaction '01_Home' started.
[11:23:06.12] Info: WebRequest [Id: 1] 'http://www.advantageonlineshopping.com/' registered to send (sync).
[11:23:10.30] Info: WebRequest [Id: 1] 'http://www.advantageonlineshopping.com/' completed. (77 request(s) sent, 4906704 bytes downloaded)
[11:23:10.30] Info: Transaction '01_Home' ended with a 'Failed' status (Duration: 4174, ThinkTime: 0).
[11:23:13.30] Info: Transaction '02_Laptops' started.
[11:23:13.30] Info: WebRequest [Id: 2] 'http://www.advantageonlineshopping.com/accountservice/GetAccountConfigurationRequest' registered to send (sync).
[11:23:13.39] Info: WebRequest [Id: 2] 'http://www.advantageonlineshopping.com/accountservice/GetAccountConfigurationRequest' completed. (1 request(s) sent, 1378 bytes downloaded)
[11:23:13.39] Info: Transaction '02_Laptops' ended with a 'Passed' status (Duration: 91, ThinkTime: 0).
[11:23:16.39] Info: Transaction '03_Headphones' started.
[11:23:16.39] Info: WebRequest [Id: 3] 'http://www.advantageonlineshopping.com/accountservice/GetAccountConfigurationRequest' registered to send (sync).
[11:23:16.49] Info: WebRequest [Id: 3] 'http://www.advantageonlineshopping.com/accountservice/GetAccountConfigurationRequest' completed. (1 request(s) sent, 1378 bytes downloaded)
[11:23:16.49] Info: Transaction '03_Headphones' ended with a 'Passed' status (Duration: 95, ThinkTime: 0).
[11:23:19.49] Info: Transaction '04_Tablets' started.
[11:23:19.49] Info: WebRequest [Id: 4] 'http://www.advantageonlineshopping.com/app/tempFiles/popularProducts.json' registered to send (sync).
[11:23:19.57] Info: WebRequest [Id: 4] 'http://www.advantageonlineshopping.com/app/tempFiles/popularProducts.json' completed. (1 request(s) sent, 871 bytes downloaded)
[11:23:19.57] Info: Transaction '04_Tablets' ended with a 'Passed' status (Duration: 84, ThinkTime: 0).
[11:23:22.57] Info: Transaction '05_Speakers' started.
[11:23:22.57] Info: WebRequest [Id: 5] 'http://www.advantageonlineshopping.com/app/views/home-page.html' registered to send (sync).
[11:23:22.66] Info: WebRequest [Id: 5] 'http://www.advantageonlineshopping.com/app/views/home-page.html' completed. (1 request(s) sent, 2529 bytes downloaded)
[11:23:22.66] Info: Transaction '05_Speakers' ended with a 'Passed' status (Duration: 85, ThinkTime: 0).
[11:23:25.66] Info: Transaction '06_Mice' started.
[11:23:25.66] Info: WebRequest [Id: 6] 'http://www.advantageonlineshopping.com/app/views/category-page.html' registered to send (sync).
[11:23:25.74] Info: WebRequest [Id: 6] 'http://www.advantageonlineshopping.com/app/views/category-page.html' completed. (1 request(s) sent, 2226 bytes downloaded)
[11:23:25.74] Info: Transaction '06_Mice' ended with a 'Passed' status (Duration: 84, ThinkTime: 0).
[11:23:25.74] Info: Cleaning up all cookies.
[11:23:25.75] Info: Cleaning up all cookies.
